<?xml version="1.0" encoding="UTF-8"?>
<testsuite xmlns:xsi="http://www.w3.org/2001/XMLSchema-instance" xsi:noNamespaceSchemaLocation="https://maven.apache.org/surefire/maven-surefire-plugin/xsd/surefire-test-report-3.0.xsd" version="3.0" name="com.example.aucaregistration.AucaRegistrationApplicationTests" time="11.849" tests="1" errors="0" skipped="0" failures="0">
  <properties>
[...]
</properties>
  <testcase name="contextLoads" classname="com.example.aucaregistration.AucaRegistrationApplicationTests" time="0.317">
    <system-out><![CDATA[16:58:24.411 [main] INFO org.springframework.test.context.support.AnnotationConfigContextLoaderUtils -- Could not detect default configuration classes for test class [com.example.aucaregistration.AucaRegistrationApplicationTests]: AucaRegistrationApplicationTests does not declare any static, non-private, non-final, nested classes annotated with @Configuration.
16:58:24.454 [main] INFO org.springframework.boot.test.context.SpringBootTestContextBootstrapper -- Found @SpringBootConfiguration com.example.aucaregistration.AucaRegistrationApplication for test class com.example.aucaregistration.AucaRegistrationApplicationTests
16:58:24.522 [main] INFO org.springframework.boot.devtools.restart.RestartApplicationListener -- Restart disabled due to context in which it is running

  .   ____          _            __ _ _
 /\\ / ___'_ __ _ _(_)_ __  __ _ \ \ \ \
( ( )\___ | '_ | '_| | '_ \/ _` | \ \ \ \
 \\/  ___)| |_)| | | | | || (_| |  ) ) ) )
  '  |____| .__|_| |_|_| |_\__, | / / / /
 =========|_|==============|___/=/_/_/_/
 :: Spring Boot ::                (v3.1.5)

2023-12-16T16:58:24.643+02:00  INFO 51365 --- [           main] c.e.a.AucaRegistrationApplicationTests   : Starting AucaRegistrationApplicationTests using Java 17.0.2 with PID 51365 (started by cedricbahirwe in /Users/cedricbahirwe/Desktop/AucaRegistration)
2023-12-16T16:58:24.644+02:00  INFO 51365 --- [           main] c.e.a.AucaRegistrationApplicationTests   : No active profile set, falling back to 1 default profile: "default"
2023-12-16T16:58:24.952+02:00  INFO 51365 --- [           main] .s.d.r.c.RepositoryConfigurationDelegate : Bootstrapping Spring Data JPA repositories in DEFAULT mode.
2023-12-16T16:58:24.981+02:00  INFO 51365 --- [           main] .s.d.r.c.RepositoryConfigurationDelegate : Finished Spring Data repository scanning in 25 ms. Found 6 JPA repository interfaces.
2023-12-16T16:58:25.192+02:00  INFO 51365 --- [           main] o.hibernate.jpa.internal.util.LogHelper  : HHH000204: Processing PersistenceUnitInfo [name: default]
2023-12-16T16:58:25.219+02:00  INFO 51365 --- [           main] org.hibernate.Version                    : HHH000412: Hibernate ORM core version 6.2.13.Final
2023-12-16T16:58:25.221+02:00  INFO 51365 --- [           main] org.hibernate.cfg.Environment            : HHH000406: Using bytecode reflection optimizer
2023-12-16T16:58:25.370+02:00  INFO 51365 --- [           main] o.s.o.j.p.SpringPersistenceUnitInfo      : No LoadTimeWeaver setup: ignoring JPA class transformer
2023-12-16T16:58:25.384+02:00  INFO 51365 --- [           main] com.zaxxer.hikari.HikariDataSource       : HikariPool-1 - Starting...
2023-12-16T16:58:29.611+02:00  INFO 51365 --- [           main] com.zaxxer.hikari.pool.HikariPool        : HikariPool-1 - Added connection com.mysql.cj.jdbc.ConnectionImpl@18d30e7
2023-12-16T16:58:29.621+02:00  INFO 51365 --- [           main] com.zaxxer.hikari.HikariDataSource       : HikariPool-1 - Start completed.
2023-12-16T16:58:30.222+02:00  WARN 51365 --- [           main] org.hibernate.orm.deprecation            : HHH90000025: MySQLDialect does not need to be specified explicitly using 'hibernate.dialect' (remove the property setting and it will be selected by default)
2023-12-16T16:58:30.796+02:00  INFO 51365 --- [           main] o.h.e.t.j.p.i.JtaPlatformInitiator       : HHH000489: No JTA platform available (set 'hibernate.transaction.jta.platform' to enable JTA platform integration)
2023-12-16T16:58:34.815+02:00  INFO 51365 --- [           main] j.LocalContainerEntityManagerFactoryBean : Initialized JPA EntityManagerFactory for persistence unit 'default'
2023-12-16T16:58:35.144+02:00  INFO 51365 --- [           main] o.s.d.j.r.query.QueryEnhancerFactory     : Hibernate is in classpath; If applicable, HQL parser will be used.
2023-12-16T16:58:35.387+02:00  WARN 51365 --- [           main] JpaBaseConfiguration$JpaWebConfiguration : spring.jpa.open-in-view is enabled by default. Therefore, database queries may be performed during view rendering. Explicitly configure spring.jpa.open-in-view to disable this warning
2023-12-16T16:58:35.830+02:00  INFO 51365 --- [           main] o.s.b.a.h2.H2ConsoleAutoConfiguration    : H2 console available at '/h2'. Database available at 'jdbc:mysql://admin:dashbuspassword@dashbus.cuybkh6yyq3h.eu-north-1.rds.amazonaws.com:3306/ticketing?createDatabaseIfNotExist=true'
2023-12-16T16:58:35.856+02:00  INFO 51365 --- [           main] c.e.a.AucaRegistrationApplicationTests   : Started AucaRegistrationApplicationTests in 11.338 seconds (process running for 11.825)
]]></system-out>
  </testcase>
</testsuite>